#
# A fatal error has been detected by the Java Runtime Environment:
#
#  EXCEPTION_ACCESS_VIOLATION (0xc0000005) at pc=0xffffffffa39e5120, pid=2676, tid=0x0000000000000f1c
#
# JRE version: Java(TM) SE Runtime Environment (8.0_161-b12) (build 1.8.0_161-b12)
# Java VM: Java HotSpot(TM) 64-Bit Server VM (25.161-b12 mixed mode windows-amd64 compressed oops)
# Problematic frame:
# C  0xffffffffa39e5120
#
# Failed to write core dump. Minidumps are not enabled by default on client versions of Windows
#
# If you would like to submit a bug report, please visit:
#   http://bugreport.java.com/bugreport/crash.jsp
#

---------------  T H R E A D  ---------------

Current thread (0x0000000002260000):  JavaThread "main" [_thread_in_Java, id=3868, stack(0x0000000002610000,0x0000000002710000)]

siginfo: ExceptionCode=0xc0000005, ExceptionInformation=0x0000000000000008 0xffffffffa39e5120

Registers:
RAX=0x00000000578841c8, RBX=0x00000000578841c8, RCX=0x0000000057887f28, RDX=0x00000000f158c4a0
RSP=0x00000000027053f8, RBP=0x0000000002705470, RSI=0x00000000c39d9303, RDI=0x00000000b41788b6
R8 =0x000000000000001b, R9 =0x0000000000000020, R10=0x000000006cd91240, R11=0x0000000003157d00
R12=0x0000000000000000, R13=0x0000000002705408, R14=0x00000000027054c0, R15=0x0000000002260000
RIP=0xffffffffa39e5120, EFLAGS=0x0000000000010206

Top of Stack: (sp=0x00000000027053f8)
0x00000000027053f8:   00000000029e7ac0 00000000029e7ac0
0x0000000002705408:   00000000b41788b6 0000000000000020
0x0000000002705418:   000000000000001b 00000000f158c4a0
0x0000000002705428:   0000000000000000 0000000002705430
0x0000000002705438:   0000000057883c2a 00000000027054c0
0x0000000002705448:   0000000057887f28 0000000000000000
0x0000000002705458:   0000000057883c78 0000000002705408
0x0000000002705468:   00000000027054a8 0000000002705508
0x0000000002705478:   00000000029e7e00 00000000b41788b6
0x0000000002705488:   000000002bac6a87 000000000000001b
0x0000000002705498:   0000000000000005 0000000000000000
0x00000000027054a8:   000000000fc446a5 0000000000000020
0x00000000027054b8:   00000000f13f2df8 00000000f158c4a0
0x00000000027054c8:   00000000027054c8 00000000578836b2
0x00000000027054d8:   0000000002705548 0000000057887f28
0x00000000027054e8:   0000000000000000 00000000578836c0 

Instructions: (pc=0xffffffffa39e5120)
0xffffffffa39e5100:   
[error occurred during error reporting (printing registers, top of stack, instructions near pc), id 0xc0000005]

Register to memory mapping:

RAX={method} {0x00000000578841d0} 'addOne' '([IIII)I' in 'java/math/BigInteger'
RBX={method} {0x00000000578841d0} 'addOne' '([IIII)I' in 'java/math/BigInteger'
RCX=0x0000000057887f28 is pointing into metadata
RDX=0x00000000f158c4a0 is an oop
[I 
 - klass: {type array int}
 - length: 64
RSP=0x00000000027053f8 is pointing into the stack for thread: 0x0000000002260000
RBP=0x0000000002705470 is pointing into the stack for thread: 0x0000000002260000
RSI=0x00000000c39d9303 is an unknown value
RDI=0x00000000b41788b6 is an unknown value
R8 =0x000000000000001b is an unknown value
R9 =0x0000000000000020 is an unknown value
R10=0x000000006cd91240 is an unknown value
R11=0x0000000003157d00 is at entry_point+0 in (nmethod*)0x0000000003157b90
R12=0x0000000000000000 is an unknown value
R13=0x0000000002705408 is pointing into the stack for thread: 0x0000000002260000
R14=0x00000000027054c0 is pointing into the stack for thread: 0x0000000002260000
R15=0x0000000002260000 is a thread


Stack: [0x0000000002610000,0x0000000002710000],  sp=0x00000000027053f8,  free space=980k
Native frames: (J=compiled Java code, j=interpreted, Vv=VM code, C=native code)
C  0xffffffffa39e5120


---------------  P R O C E S S  ---------------

Java Threads: ( => current thread )
  0x00000000543eb000 JavaThread "Service Thread" daemon [_thread_blocked, id=620, stack(0x0000000055540000,0x0000000055640000)]
  0x00000000543e2800 JavaThread "C1 CompilerThread1" daemon [_thread_blocked, id=2508, stack(0x0000000055140000,0x0000000055240000)]
  0x000000005438a800 JavaThread "C2 CompilerThread0" daemon [_thread_blocked, id=2556, stack(0x00000000553a0000,0x00000000554a0000)]
  0x0000000054387000 JavaThread "Attach Listener" daemon [_thread_blocked, id=1420, stack(0x0000000054f10000,0x0000000055010000)]
  0x0000000054386000 JavaThread "Signal Dispatcher" daemon [_thread_blocked, id=3100, stack(0x0000000055270000,0x0000000055370000)]
  0x0000000054371800 JavaThread "Finalizer" daemon [_thread_blocked, id=1176, stack(0x0000000055040000,0x0000000055140000)]
  0x0000000054327800 JavaThread "Reference Handler" daemon [_thread_blocked, id=3920, stack(0x0000000054dd0000,0x0000000054ed0000)]
=>0x0000000002260000 JavaThread "main" [_thread_in_Java, id=3868, stack(0x0000000002610000,0x0000000002710000)]

Other Threads:
  0x000000005431f800 VMThread [stack: 0x0000000054c70000,0x0000000054d70000] [id=3992]
  0x0000000055644000 WatcherThread [stack: 0x0000000055b40000,0x0000000055c40000] [id=3124]

VM state:not at safepoint (normal execution)

VM Mutex/Monitor currently owned by a thread: None

Heap:
 PSYoungGen      total 50688K, used 12435K [0x00000000f0b00000, 0x00000000f7a00000, 0x0000000100000000)
  eden space 49152K, 22% used [0x00000000f0b00000,0x00000000f15a4df8,0x00000000f3b00000)
  from space 1536K, 100% used [0x00000000f3b00000,0x00000000f3c80000,0x00000000f3c80000)
  to   space 7680K, 0% used [0x00000000f7280000,0x00000000f7280000,0x00000000f7a00000)
 ParOldGen       total 31744K, used 14239K [0x00000000d2000000, 0x00000000d3f00000, 0x00000000f0b00000)
  object space 31744K, 44% used [0x00000000d2000000,0x00000000d2de7e98,0x00000000d3f00000)
 Metaspace       used 17314K, capacity 17566K, committed 17792K, reserved 1064960K
  class space    used 2065K, capacity 2169K, committed 2176K, reserved 1048576K

Card table byte_map: [0x0000000011da0000,0x0000000011f20000] byte_map_base: 0x0000000011710000

Marking Bits: (ParMarkBitMap*) 0x000000006cdaf860
 Begin Bits: [0x0000000012180000, 0x0000000012d00000)
 End Bits:   [0x0000000012d00000, 0x0000000013880000)

Polling page: 0x0000000000330000

CodeCache: size=245760Kb used=7906Kb max_used=7910Kb free=237853Kb
 bounds [0x00000000029e0000, 0x00000000031a0000, 0x00000000119e0000]
 total_blobs=2818 nmethods=2437 adapters=294
 compilation: enabled

Compilation events (10 events):
Event: 5.363 Thread 0x00000000543e2800 nmethod 2431 0x000000000319d210 code [0x000000000319d380, 0x000000000319d4e8]
Event: 5.363 Thread 0x00000000543e2800 2432       3       java.math.MutableBigInteger::mulsub (110 bytes)
Event: 5.364 Thread 0x00000000543e2800 nmethod 2432 0x000000000319cb10 code [0x000000000319cc80, 0x000000000319cf90]
Event: 5.366 Thread 0x000000005438a800 2433       4       java.math.BigInteger::mulAdd (19 bytes)
Event: 5.367 Thread 0x000000005438a800 nmethod 2433 0x0000000003196290 code [0x00000000031963e0, 0x0000000003196538]
Event: 5.367 Thread 0x000000005438a800 2434       4       java.math.BigInteger::implMulAddCheck (169 bytes)
Event: 5.368 Thread 0x000000005438a800 nmethod 2434 0x000000000319c750 code [0x000000000319c8a0, 0x000000000319c998]
Event: 5.368 Thread 0x000000005438a800 2437       4       java.math.BigInteger::addOne (77 bytes)
Event: 5.370 Thread 0x000000005438a800 nmethod 2437 0x000000000319c390 code [0x000000000319c4e0, 0x000000000319c5f8]
Event: 5.370 Thread 0x00000000543e2800 2438       3       java.math.BigInteger::implSquareToLen (154 bytes)

GC Heap History (10 events):
Event: 0.739 GC heap before
{Heap before GC invocations=1 (full 0):
 PSYoungGen      total 13824K, used 12288K [0x00000000f0b00000, 0x00000000f1a00000, 0x0000000100000000)
  eden space 12288K, 100% used [0x00000000f0b00000,0x00000000f1700000,0x00000000f1700000)
  from space 1536K, 0% used [0x00000000f1880000,0x00000000f1880000,0x00000000f1a00000)
  to   space 1536K, 0% used [0x00000000f1700000,0x00000000f1700000,0x00000000f1880000)
 ParOldGen       total 31744K, used 0K [0x00000000d2000000, 0x00000000d3f00000, 0x00000000f0b00000)
  object space 31744K, 0% used [0x00000000d2000000,0x00000000d2000000,0x00000000d3f00000)
 Metaspace       used 6034K, capacity 6204K, committed 6400K, reserved 1056768K
  class space    used 670K, capacity 728K, committed 768K, reserved 1048576K
Event: 0.748 GC heap after
Heap after GC invocations=1 (full 0):
 PSYoungGen      total 13824K, used 1524K [0x00000000f0b00000, 0x00000000f2600000, 0x0000000100000000)
  eden space 12288K, 0% used [0x00000000f0b00000,0x00000000f0b00000,0x00000000f1700000)
  from space 1536K, 99% used [0x00000000f1700000,0x00000000f187d0c8,0x00000000f1880000)
  to   space 1536K, 0% used [0x00000000f2480000,0x00000000f2480000,0x00000000f2600000)
 ParOldGen       total 31744K, used 1082K [0x00000000d2000000, 0x00000000d3f00000, 0x00000000f0b00000)
  object space 31744K, 3% used [0x00000000d2000000,0x00000000d210ea30,0x00000000d3f00000)
 Metaspace       used 6034K, capacity 6204K, committed 6400K, reserved 1056768K
  class space    used 670K, capacity 728K, committed 768K, reserved 1048576K
}
Event: 1.121 GC heap before
{Heap before GC invocations=2 (full 0):
 PSYoungGen      total 13824K, used 13812K [0x00000000f0b00000, 0x00000000f2600000, 0x0000000100000000)
  eden space 12288K, 100% used [0x00000000f0b00000,0x00000000f1700000,0x00000000f1700000)
  from space 1536K, 99% used [0x00000000f1700000,0x00000000f187d0c8,0x00000000f1880000)
  to   space 1536K, 0% used [0x00000000f2480000,0x00000000f2480000,0x00000000f2600000)
 ParOldGen       total 31744K, used 1082K [0x00000000d2000000, 0x00000000d3f00000, 0x00000000f0b00000)
  object space 31744K, 3% used [0x00000000d2000000,0x00000000d210ea30,0x00000000d3f00000)
 Metaspace       used 7918K, capacity 8092K, committed 8192K, reserved 1056768K
  class space    used 959K, capacity 1016K, committed 1024K, reserved 1048576K
Event: 1.130 GC heap after
Heap after GC invocations=2 (full 0):
 PSYoungGen      total 26112K, used 1526K [0x00000000f0b00000, 0x00000000f2600000, 0x0000000100000000)
  eden space 24576K, 0% used [0x00000000f0b00000,0x00000000f0b00000,0x00000000f2300000)
  from space 1536K, 99% used [0x00000000f2480000,0x00000000f25fdb58,0x00000000f2600000)
  to   space 1536K, 0% used [0x00000000f2300000,0x00000000f2300000,0x00000000f2480000)
 ParOldGen       total 31744K, used 2704K [0x00000000d2000000, 0x00000000d3f00000, 0x00000000f0b00000)
  object space 31744K, 8% used [0x00000000d2000000,0x00000000d22a4218,0x00000000d3f00000)
 Metaspace       used 7918K, capacity 8092K, committed 8192K, reserved 1056768K
  class space    used 959K, capacity 1016K, committed 1024K, reserved 1048576K
}
Event: 1.836 GC heap before
{Heap before GC invocations=3 (full 0):
 PSYoungGen      total 26112K, used 26102K [0x00000000f0b00000, 0x00000000f2600000, 0x0000000100000000)
  eden space 24576K, 100% used [0x00000000f0b00000,0x00000000f2300000,0x00000000f2300000)
  from space 1536K, 99% used [0x00000000f2480000,0x00000000f25fdb58,0x00000000f2600000)
  to   space 1536K, 0% used [0x00000000f2300000,0x00000000f2300000,0x00000000f2480000)
 ParOldGen       total 31744K, used 2704K [0x00000000d2000000, 0x00000000d3f00000, 0x00000000f0b00000)
  object space 31744K, 8% used [0x00000000d2000000,0x00000000d22a4218,0x00000000d3f00000)
 Metaspace       used 9598K, capacity 9780K, committed 9984K, reserved 1058816K
  class space    used 1162K, capacity 1213K, committed 1280K, reserved 1048576K
Event: 1.848 GC heap after
Heap after GC invocations=3 (full 0):
 PSYoungGen      total 26112K, used 1536K [0x00000000f0b00000, 0x00000000f3e00000, 0x0000000100000000)
  eden space 24576K, 0% used [0x00000000f0b00000,0x00000000f0b00000,0x00000000f2300000)
  from space 1536K, 100% used [0x00000000f2300000,0x00000000f2480000,0x00000000f2480000)
  to   space 1536K, 0% used [0x00000000f3c80000,0x00000000f3c80000,0x00000000f3e00000)
 ParOldGen       total 31744K, used 5266K [0x00000000d2000000, 0x00000000d3f00000, 0x00000000f0b00000)
  object space 31744K, 16% used [0x00000000d2000000,0x00000000d2524ac8,0x00000000d3f00000)
 Metaspace       used 9598K, capacity 9780K, committed 9984K, reserved 1058816K
  class space    used 1162K, capacity 1213K, committed 1280K, reserved 1048576K
}
Event: 2.620 GC heap before
{Heap before GC invocations=4 (full 0):
 PSYoungGen      total 26112K, used 26112K [0x00000000f0b00000, 0x00000000f3e00000, 0x0000000100000000)
  eden space 24576K, 100% used [0x00000000f0b00000,0x00000000f2300000,0x00000000f2300000)
  from space 1536K, 100% used [0x00000000f2300000,0x00000000f2480000,0x00000000f2480000)
  to   space 1536K, 0% used [0x00000000f3c80000,0x00000000f3c80000,0x00000000f3e00000)
 ParOldGen       total 31744K, used 5266K [0x00000000d2000000, 0x00000000d3f00000, 0x00000000f0b00000)
  object space 31744K, 16% used [0x00000000d2000000,0x00000000d2524ac8,0x00000000d3f00000)
 Metaspace       used 12196K, capacity 12398K, committed 12672K, reserved 1060864K
  class space    used 1528K, capacity 1637K, committed 1664K, reserved 1048576K
Event: 2.640 GC heap after
Heap after GC invocations=4 (full 0):
 PSYoungGen      total 50688K, used 1536K [0x00000000f0b00000, 0x00000000f3e00000, 0x0000000100000000)
  eden space 49152K, 0% used [0x00000000f0b00000,0x00000000f0b00000,0x00000000f3b00000)
  from space 1536K, 100% used [0x00000000f3c80000,0x00000000f3e00000,0x00000000f3e00000)
  to   space 1536K, 0% used [0x00000000f3b00000,0x00000000f3b00000,0x00000000f3c80000)
 ParOldGen       total 31744K, used 8960K [0x00000000d2000000, 0x00000000d3f00000, 0x00000000f0b00000)
  object space 31744K, 28% used [0x00000000d2000000,0x00000000d28c01b8,0x00000000d3f00000)
 Metaspace       used 12196K, capacity 12398K, committed 12672K, reserved 1060864K
  class space    used 1528K, capacity 1637K, committed 1664K, reserved 1048576K
}
Event: 4.831 GC heap before
{Heap before GC invocations=5 (full 0):
 PSYoungGen      total 50688K, used 50688K [0x00000000f0b00000, 0x00000000f3e00000, 0x0000000100000000)
  eden space 49152K, 100% used [0x00000000f0b00000,0x00000000f3b00000,0x00000000f3b00000)
  from space 1536K, 100% used [0x00000000f3c80000,0x00000000f3e00000,0x00000000f3e00000)
  to   space 1536K, 0% used [0x00000000f3b00000,0x00000000f3b00000,0x00000000f3c80000)
 ParOldGen       total 31744K, used 8960K [0x00000000d2000000, 0x00000000d3f00000, 0x00000000f0b00000)
  object space 31744K, 28% used [0x00000000d2000000,0x00000000d28c01b8,0x00000000d3f00000)
 Metaspace       used 15399K, capacity 15592K, committed 15872K, reserved 1062912K
  class space    used 1860K, capacity 1940K, committed 2048K, reserved 1048576K
Event: 4.863 GC heap after
Heap after GC invocations=5 (full 0):
 PSYoungGen      total 50688K, used 1536K [0x00000000f0b00000, 0x00000000f7a00000, 0x0000000100000000)
  eden space 49152K, 0% used [0x00000000f0b00000,0x00000000f0b00000,0x00000000f3b00000)
  from space 1536K, 100% used [0x00000000f3b00000,0x00000000f3c80000,0x00000000f3c80000)
  to   space 7680K, 0% used [0x00000000f7280000,0x00000000f7280000,0x00000000f7a00000)
 ParOldGen       total 31744K, used 14239K [0x00000000d2000000, 0x00000000d3f00000, 0x00000000f0b00000)
  object space 31744K, 44% used [0x00000000d2000000,0x00000000d2de7e98,0x00000000d3f00000)
 Metaspace       used 15399K, capacity 15592K, committed 15872K, reserved 1062912K
  class space    used 1860K, capacity 1940K, committed 2048K, reserved 1048576K
}

Deoptimization events (10 events):
Event: 4.435 Thread 0x0000000002260000 Uncommon trap: reason=speculate_class_check action=maybe_recompile pc=0x00000000030a6948 method=java.nio.charset.CharsetDecoder.decode(Ljava/nio/ByteBuffer;Ljava/nio/CharBuffer;Z)Ljava/nio/charset/CoderResult; @ 57
Event: 4.436 Thread 0x0000000002260000 Uncommon trap: reason=speculate_class_check action=maybe_recompile pc=0x00000000030a6948 method=java.nio.charset.CharsetDecoder.decode(Ljava/nio/ByteBuffer;Ljava/nio/CharBuffer;Z)Ljava/nio/charset/CoderResult; @ 57
Event: 4.637 Thread 0x0000000002260000 Uncommon trap: reason=unstable_if action=reinterpret pc=0x0000000003097c3c method=org.codehaus.plexus.util.xml.pull.MXParser.nextImpl()I @ 280
Event: 5.010 Thread 0x0000000002260000 Uncommon trap: reason=bimorphic action=maybe_recompile pc=0x00000000030ab9ec method=java.util.regex.Pattern$CharProperty.match(Ljava/util/regex/Matcher;ILjava/lang/CharSequence;)Z @ 37
Event: 5.132 Thread 0x0000000002260000 Uncommon trap: reason=unstable_if action=reinterpret pc=0x0000000002c0c824 method=sun.misc.MetaIndex.mayContain(Ljava/lang/String;)Z @ 38
Event: 5.149 Thread 0x0000000002260000 Uncommon trap: reason=unstable_if action=reinterpret pc=0x0000000002effb80 method=java.util.HashMap.putVal(ILjava/lang/Object;Ljava/lang/Object;ZZ)Ljava/lang/Object; @ 236
Event: 5.168 Thread 0x0000000002260000 Uncommon trap: reason=class_check action=maybe_recompile pc=0x000000000310a7c8 method=java.util.Hashtable.addEntry(ILjava/lang/Object;Ljava/lang/Object;I)V @ 38
Event: 5.169 Thread 0x0000000002260000 Uncommon trap: reason=unstable_if action=reinterpret pc=0x0000000002d7386c method=java.lang.CharacterDataLatin1.isWhitespace(I)Z @ 14
Event: 5.248 Thread 0x0000000002260000 Uncommon trap: reason=unstable_if action=reinterpret pc=0x00000000030600ec method=java.util.LinkedHashMap.get(Ljava/lang/Object;)Ljava/lang/Object; @ 20
Event: 5.319 Thread 0x0000000002260000 Uncommon trap: reason=unstable_if action=reinterpret pc=0x0000000002d78bd0 method=java.io.WinNTFileSystem.normalize(Ljava/lang/String;)Ljava/lang/String; @ 128

Classes redefined (0 events):
No events

Internal exceptions (10 events):
Event: 4.145 Thread 0x0000000002260000 Implicit null exception at 0x000000000304d34a to 0x000000000304e3d5
Event: 5.038 Thread 0x0000000002260000 Exception <a 'java/lang/NullPointerException'> (0x00000000f1235838) thrown at [C:\re\workspace\8-2-build-windows-amd64-cygwin\jdk8u161\10277\hotspot\src\share\vm\interpreter\linkResolver.cpp, line 1185]
Event: 5.039 Thread 0x0000000002260000 Exception <a 'java/lang/NullPointerException'> (0x00000000f1235c38) thrown at [C:\re\workspace\8-2-build-windows-amd64-cygwin\jdk8u161\10277\hotspot\src\share\vm\interpreter\linkResolver.cpp, line 1185]
Event: 5.039 Thread 0x0000000002260000 Exception <a 'java/lang/NullPointerException'> (0x00000000f1236038) thrown at [C:\re\workspace\8-2-build-windows-amd64-cygwin\jdk8u161\10277\hotspot\src\share\vm\interpreter\linkResolver.cpp, line 1185]
Event: 5.058 Thread 0x0000000002260000 Exception <a 'java/lang/NullPointerException'> (0x00000000f127c000) thrown at [C:\re\workspace\8-2-build-windows-amd64-cygwin\jdk8u161\10277\hotspot\src\share\vm\interpreter\linkResolver.cpp, line 1185]
Event: 5.058 Thread 0x0000000002260000 Exception <a 'java/lang/NullPointerException'> (0x00000000f127c400) thrown at [C:\re\workspace\8-2-build-windows-amd64-cygwin\jdk8u161\10277\hotspot\src\share\vm\interpreter\linkResolver.cpp, line 1185]
Event: 5.058 Thread 0x0000000002260000 Exception <a 'java/lang/NullPointerException'> (0x00000000f127c800) thrown at [C:\re\workspace\8-2-build-windows-amd64-cygwin\jdk8u161\10277\hotspot\src\share\vm\interpreter\linkResolver.cpp, line 1185]
Event: 5.072 Thread 0x0000000002260000 Exception <a 'java/lang/NullPointerException'> (0x00000000f12b13f0) thrown at [C:\re\workspace\8-2-build-windows-amd64-cygwin\jdk8u161\10277\hotspot\src\share\vm\interpreter\linkResolver.cpp, line 1185]
Event: 5.072 Thread 0x0000000002260000 Exception <a 'java/lang/NullPointerException'> (0x00000000f12b17f0) thrown at [C:\re\workspace\8-2-build-windows-amd64-cygwin\jdk8u161\10277\hotspot\src\share\vm\interpreter\linkResolver.cpp, line 1185]
Event: 5.072 Thread 0x0000000002260000 Exception <a 'java/lang/NullPointerException'> (0x00000000f12b1bf0) thrown at [C:\re\workspace\8-2-build-windows-amd64-cygwin\jdk8u161\10277\hotspot\src\share\vm\interpreter\linkResolver.cpp, line 1185]

Events (10 events):
Event: 5.361 loading class sun/security/provider/DSA$SHA1withDSA
Event: 5.361 loading class sun/security/provider/DSA
Event: 5.361 loading class sun/security/provider/DSA done
Event: 5.361 loading class sun/security/provider/DSA$SHA1withDSA done
Event: 5.361 loading class java/security/interfaces/DSAParams
Event: 5.361 loading class java/security/interfaces/DSAParams done
Event: 5.361 loading class java/security/spec/DSAParameterSpec
Event: 5.362 loading class java/security/spec/DSAParameterSpec done
Event: 5.362 loading class java/math/SignedMutableBigInteger
Event: 5.362 loading class java/math/SignedMutableBigInteger done


Dynamic libraries:
0x000000013f480000 - 0x000000013f4b7000 	C:\Program Files\Java\jdk1.8.0_161\bin\java.exe
0x0000000076df0000 - 0x0000000076f99000 	C:\Windows\SYSTEM32\ntdll.dll
0x0000000076bd0000 - 0x0000000076cef000 	C:\Windows\system32\kernel32.dll
0x000007fefd0a0000 - 0x000007fefd10b000 	C:\Windows\system32\KERNELBASE.dll
0x000007fefd850000 - 0x000007fefd92b000 	C:\Windows\system32\ADVAPI32.dll
0x000007fefdab0000 - 0x000007fefdb4f000 	C:\Windows\system32\msvcrt.dll
0x000007fefd630000 - 0x000007fefd64f000 	C:\Windows\SYSTEM32\sechost.dll
0x000007fefd720000 - 0x000007fefd84d000 	C:\Windows\system32\RPCRT4.dll
0x0000000076cf0000 - 0x0000000076dea000 	C:\Windows\system32\USER32.dll
0x000007fefeb30000 - 0x000007fefeb97000 	C:\Windows\system32\GDI32.dll
0x000007fefe9e0000 - 0x000007fefe9ee000 	C:\Windows\system32\LPK.dll
0x000007fefd650000 - 0x000007fefd719000 	C:\Windows\system32\USP10.dll
0x000007fefb7e0000 - 0x000007fefb9d4000 	C:\Windows\WinSxS\amd64_microsoft.windows.common-controls_6595b64144ccf1df_6.0.7601.17514_none_fa396087175ac9ac\COMCTL32.dll
0x000007fefeea0000 - 0x000007fefef11000 	C:\Windows\system32\SHLWAPI.dll
0x000007fefdb50000 - 0x000007fefdb7e000 	C:\Windows\system32\IMM32.DLL
0x000007fefef20000 - 0x000007feff029000 	C:\Windows\system32\MSCTF.dll
0x000000006d9b0000 - 0x000000006da82000 	C:\Program Files\Java\jdk1.8.0_161\jre\bin\msvcr100.dll
0x000000006c590000 - 0x000000006ce2f000 	C:\Program Files\Java\jdk1.8.0_161\jre\bin\server\jvm.dll
0x000007fefb7c0000 - 0x000007fefb7c9000 	C:\Windows\system32\WSOCK32.dll
0x000007feff030000 - 0x000007feff07d000 	C:\Windows\system32\WS2_32.dll
0x000007fefe910000 - 0x000007fefe918000 	C:\Windows\system32\NSI.dll
0x000007fefacb0000 - 0x000007fefaceb000 	C:\Windows\system32\WINMM.dll
0x000007fefbe70000 - 0x000007fefbe7c000 	C:\Windows\system32\VERSION.dll
0x0000000076fb0000 - 0x0000000076fb7000 	C:\Windows\system32\PSAPI.DLL
0x0000000073af0000 - 0x0000000073aff000 	C:\Program Files\Java\jdk1.8.0_161\jre\bin\verify.dll
0x0000000073a90000 - 0x0000000073ab9000 	C:\Program Files\Java\jdk1.8.0_161\jre\bin\java.dll
0x00000000704c0000 - 0x00000000704d6000 	C:\Program Files\Java\jdk1.8.0_161\jre\bin\zip.dll
0x000007fefdb80000 - 0x000007fefe908000 	C:\Windows\system32\SHELL32.dll
0x000007fefd2f0000 - 0x000007fefd4f3000 	C:\Windows\system32\ole32.dll
0x000007fefcd40000 - 0x000007fefcd4f000 	C:\Windows\system32\profapi.dll
0x000007fee93f0000 - 0x000007fee93fa000 	C:\Users\arte262_pavan\Downloads\apache-maven-3.5.3-bin (1)\apache-maven-3.5.3\lib\jansi-native\windows64\jansi.dll
0x000000006fdc0000 - 0x000000006fdda000 	C:\Program Files\Java\jdk1.8.0_161\jre\bin\net.dll
0x000007fefc570000 - 0x000007fefc5c5000 	C:\Windows\system32\mswsock.dll
0x000007fefc560000 - 0x000007fefc567000 	C:\Windows\System32\wship6.dll
0x000000006fd90000 - 0x000000006fda1000 	C:\Program Files\Java\jdk1.8.0_161\jre\bin\nio.dll
0x000000006fb20000 - 0x000000006fb44000 	C:\Program Files\Java\jdk1.8.0_161\jre\bin\sunec.dll
0x000007fefa9c0000 - 0x000007fefa9e7000 	C:\Windows\system32\IPHLPAPI.DLL
0x000007fefa980000 - 0x000007fefa98b000 	C:\Windows\system32\WINNSI.DLL
0x000007fefa690000 - 0x000007fefa6a1000 	C:\Windows\system32\dhcpcsvc6.DLL
0x000007fefa610000 - 0x000007fefa628000 	C:\Windows\system32\dhcpcsvc.DLL
0x000007fee8070000 - 0x000007fee8195000 	C:\Windows\system32\dbghelp.dll

VM Arguments:
jvm_args: -Dclassworlds.conf=C:\Users\arte262_pavan\Downloads\apache-maven-3.5.3-bin (1)\apache-maven-3.5.3\bin\..\bin\m2.conf -Dmaven.home=C:\Users\arte262_pavan\Downloads\apache-maven-3.5.3-bin (1)\apache-maven-3.5.3\bin\.. -Dlibrary.jansi.path=C:\Users\arte262_pavan\Downloads\apache-maven-3.5.3-bin (1)\apache-maven-3.5.3\bin\..\lib\jansi-native -Dmaven.multiModuleProjectDirectory=C:\Users\arte262_pavan\Desktop\pavan\pavan workspace\github 
java_command: org.codehaus.plexus.classworlds.launcher.Launcher clean install
java_class_path (initial): C:\Users\arte262_pavan\Downloads\apache-maven-3.5.3-bin (1)\apache-maven-3.5.3\bin\..\boot\plexus-classworlds-2.5.2.jar
Launcher Type: SUN_STANDARD

Environment Variables:
PATH=C:\Program Files\Java\jdk1.8.0_161\bin;C:\Program Files\Java;C:\Program Files (x86)\Windows Kits\8.1\Windows Performance Toolkit\;C:\Program Files\Microsoft SQL Server\110\Tools\Binn\;C:\Program Files\Microsoft SQL Server\110\DTS\Binn\;C:\Program Files (x86)\Microsoft SQL Server\110\Tools\Binn\;C:\Program Files (x86)\Microsoft SQL Server\110\Tools\Binn\ManagementStudio\;C:\Program Files (x86)\Microsoft Visual Studio 10.0\Common7\IDE\PrivateAssemblies\;C:\Program Files (x86)\Microsoft SQL Server\110\DTS\Binn\;C:\Users\arte262_pavan\Downloads\apache-maven-3.5.3-bin (1)\apache-maven-3.5.3\bin;C:\Users\arte262_pavan\Downloads\apache-maven-3.5.3-bin.zip\apache-maven-3.5.3\bin;
USERNAME=arte262_pavan
OS=Windows_NT
PROCESSOR_IDENTIFIER=Intel64 Family 6 Model 15 Stepping 13, GenuineIntel



---------------  S Y S T E M  ---------------

OS: Windows 7 , 64 bit Build 7601 (6.1.7601.17514)

CPU:total 2 (initial active 2) (2 cores per cpu, 1 threads per core) family 6 model 15 stepping 13, cmov, cx8, fxsr, mmx, sse, sse2, sse3, ssse3, tsc

Memory: 4k page, physical 3011764k(1123052k free), swap 6021684k(3626340k free)

vm_info: Java HotSpot(TM) 64-Bit Server VM (25.161-b12) for windows-amd64 JRE (1.8.0_161-b12), built on Dec 19 2017 17:52:25 by "java_re" with MS VC++ 10.0 (VS2010)

time: Wed May 09 14:06:14 2018
elapsed time: 5 seconds (0d 0h 0m 5s)

